<?xml version="1.0" encoding="UTF-8"?>
<testsuite xmlns:xsi="http://www.w3.org/2001/XMLSchema-instance" xsi:noNamespaceSchemaLocation="https://maven.apache.org/surefire/maven-surefire-plugin/xsd/surefire-test-report-3.0.xsd" version="3.0" name="org.java.CalculatorTest" time="0.085" tests="2" errors="0" skipped="0" failures="1">
  <properties>
[...]
</properties>
  <testcase name="goodDataGetAddTest" classname="org.java.CalculatorTest" time="0.037"/>
  <testcase name="goodDataGetSubstractTest" classname="org.java.CalculatorTest" time="0.016">
    <failure message="expected: &lt;1.0&gt; but was: &lt;3.0&gt;" type="org.opentest4j.AssertionFailedError"><![CDATA[org.opentest4j.AssertionFailedError: expected: <1.0> but was: <3.0>
	at org.junit.jupiter.api.AssertionFailureBuilder.build(AssertionFailureBuilder.java:151)
	at org.junit.jupiter.api.AssertionFailureBuilder.buildAndThrow(AssertionFailureBuilder.java:132)
	at org.junit.jupiter.api.AssertEquals.failNotEqual(AssertEquals.java:197)
	at org.junit.jupiter.api.AssertEquals.assertEquals(AssertEquals.java:102)
	at org.junit.jupiter.api.AssertEquals.assertEquals(AssertEquals.java:97)
	at org.junit.jupiter.api.Assertions.assertEquals(Assertions.java:735)
	at org.java.CalculatorTest.goodDataGetSubstractTest(CalculatorTest.java:32)
	at java.base/java.lang.reflect.Method.invoke(Method.java:568)
	at java.base/java.util.ArrayList.forEach(ArrayList.java:1511)
	at java.base/java.util.ArrayList.forEach(ArrayList.java:1511)
]]></failure>
  </testcase>
</testsuite>